# Logfile created on 2018-01-03 21:38:12 +0000 by logger.rb/56815
I, [2018-01-03T21:38:12.124807 #29587]  INFO -- : (0.000055s) BEGIN
I, [2018-01-03T21:38:12.126961 #29587]  INFO -- : (0.000131s) SELECT count(*) AS 'count' FROM `expenses` LIMIT 1
I, [2018-01-03T21:38:12.127112 #29587]  INFO -- : (0.000035s) ROLLBACK
I, [2018-01-03T21:38:12.129311 #29587]  INFO -- : (0.001756s) BEGIN
I, [2018-01-03T21:38:12.129944 #29587]  INFO -- : (0.000347s) INSERT INTO `expenses` (`payee`, `amount`, `date`) VALUES ('Starbucks', 5.75, '2017-06-10')
I, [2018-01-03T21:38:12.130967 #29587]  INFO -- : (0.000383s) SELECT max(`id`) AS 'max' FROM `expenses` LIMIT 1
I, [2018-01-03T21:38:12.133750 #29587]  INFO -- : (0.002207s) SELECT * FROM `expenses`
I, [2018-01-03T21:38:12.139203 #29587]  INFO -- : (0.000363s) ROLLBACK
I, [2018-01-03T21:38:12.139828 #29587]  INFO -- : (0.000036s) BEGIN
I, [2018-01-03T21:38:12.140174 #29587]  INFO -- : (0.000123s) SELECT count(*) AS 'count' FROM `expenses` LIMIT 1
I, [2018-01-03T21:38:12.140307 #29587]  INFO -- : (0.000028s) ROLLBACK
I, [2018-01-03T21:38:12.140874 #29587]  INFO -- : (0.000041s) BEGIN
I, [2018-01-03T21:38:12.141220 #29587]  INFO -- : (0.000094s) SELECT count(*) AS 'count' FROM `expenses` LIMIT 1
I, [2018-01-03T21:38:12.141356 #29587]  INFO -- : (0.000032s) ROLLBACK
I, [2018-01-03T21:38:12.141807 #29587]  INFO -- : (0.000024s) BEGIN
I, [2018-01-03T21:38:12.142151 #29587]  INFO -- : (0.000103s) SELECT * FROM `expenses` WHERE (`date` = '2017-06-10')
I, [2018-01-03T21:38:12.142262 #29587]  INFO -- : (0.000024s) ROLLBACK
I, [2018-01-03T21:38:12.142649 #29587]  INFO -- : (0.000092s) BEGIN
I, [2018-01-03T21:38:12.143244 #29587]  INFO -- : (0.000281s) INSERT INTO `expenses` (`payee`, `amount`, `date`) VALUES ('Starbucks', 5.75, '2017-06-10')
I, [2018-01-03T21:38:12.143586 #29587]  INFO -- : (0.000088s) SELECT max(`id`) AS 'max' FROM `expenses` LIMIT 1
I, [2018-01-03T21:38:12.143796 #29587]  INFO -- : (0.000046s) INSERT INTO `expenses` (`payee`, `amount`, `date`) VALUES ('Starbucks', 5.75, '2017-06-10')
I, [2018-01-03T21:38:12.144032 #29587]  INFO -- : (0.000061s) SELECT max(`id`) AS 'max' FROM `expenses` LIMIT 1
I, [2018-01-03T21:38:12.144187 #29587]  INFO -- : (0.000036s) INSERT INTO `expenses` (`payee`, `amount`, `date`) VALUES ('Starbucks', 5.75, '2017-06-10')
I, [2018-01-03T21:38:12.144339 #29587]  INFO -- : (0.000075s) SELECT max(`id`) AS 'max' FROM `expenses` LIMIT 1
I, [2018-01-03T21:38:12.144608 #29587]  INFO -- : (0.000136s) SELECT * FROM `expenses` WHERE (`date` = '2017-06-10')
I, [2018-01-03T21:38:12.154125 #29587]  INFO -- : (0.000441s) ROLLBACK
I, [2018-01-03T21:38:12.154766 #29587]  INFO -- : (0.000038s) BEGIN
I, [2018-01-03T21:38:12.155858 #29587]  INFO -- : (0.000258s) INSERT INTO `expenses` (`payee`, `amount`, `date`) VALUES ('Starbucks', 5.75, '2017-06-10')
I, [2018-01-03T21:38:12.156018 #29587]  INFO -- : (0.000078s) SELECT max(`id`) AS 'max' FROM `expenses` LIMIT 1
I, [2018-01-03T21:38:12.157603 #29587]  INFO -- : (0.000060s) INSERT INTO `expenses` (`payee`, `amount`, `date`) VALUES ('zoo', 15.75, '2017-06-10')
I, [2018-01-03T21:38:12.157813 #29587]  INFO -- : (0.000074s) SELECT max(`id`) AS 'max' FROM `expenses` LIMIT 1
I, [2018-01-03T21:38:12.158592 #29587]  INFO -- : (0.000046s) INSERT INTO `expenses` (`payee`, `amount`, `date`) VALUES ('whole foods', 95.75, '2017-06-11')
I, [2018-01-03T21:38:12.158727 #29587]  INFO -- : (0.000062s) SELECT max(`id`) AS 'max' FROM `expenses` LIMIT 1
I, [2018-01-03T21:38:12.159633 #29587]  INFO -- : (0.000131s) SELECT * FROM `expenses` WHERE (`date` = '2017-06-10')
I, [2018-01-03T21:38:12.160435 #29587]  INFO -- : (0.000345s) ROLLBACK
I, [2018-01-03T21:41:06.028058 #29592]  INFO -- : Starting example: rejects the expense as invalid
I, [2018-01-03T21:41:06.028276 #29592]  INFO -- : (0.000046s) BEGIN
I, [2018-01-03T21:41:06.032145 #29592]  INFO -- : (0.000143s) SELECT count(*) AS 'count' FROM `expenses` LIMIT 1
I, [2018-01-03T21:41:06.032356 #29592]  INFO -- : (0.000035s) ROLLBACK
I, [2018-01-03T21:41:06.032422 #29592]  INFO -- : Ending example: rejects the expense as invalid
I, [2018-01-03T21:41:06.033349 #29592]  INFO -- : Starting example: saves expense in DB
I, [2018-01-03T21:41:06.033514 #29592]  INFO -- : (0.000037s) BEGIN
I, [2018-01-03T21:41:06.034013 #29592]  INFO -- : (0.000268s) INSERT INTO `expenses` (`payee`, `amount`, `date`) VALUES ('Starbucks', 5.75, '2017-06-10')
I, [2018-01-03T21:41:06.034326 #29592]  INFO -- : (0.000082s) SELECT max(`id`) AS 'max' FROM `expenses` LIMIT 1
I, [2018-01-03T21:41:06.036771 #29592]  INFO -- : (0.002275s) SELECT * FROM `expenses`
I, [2018-01-03T21:41:06.039185 #29592]  INFO -- : (0.000306s) ROLLBACK
I, [2018-01-03T21:41:06.039268 #29592]  INFO -- : Ending example: saves expense in DB
I, [2018-01-03T21:41:06.039649 #29592]  INFO -- : Starting example: rejects the expense as invalid
I, [2018-01-03T21:41:06.039795 #29592]  INFO -- : (0.000059s) BEGIN
I, [2018-01-03T21:41:06.040107 #29592]  INFO -- : (0.000129s) SELECT count(*) AS 'count' FROM `expenses` LIMIT 1
I, [2018-01-03T21:41:06.040252 #29592]  INFO -- : (0.000036s) ROLLBACK
I, [2018-01-03T21:41:06.040314 #29592]  INFO -- : Ending example: rejects the expense as invalid
I, [2018-01-03T21:41:06.040749 #29592]  INFO -- : Starting example: rejects the expense as invalid
I, [2018-01-03T21:41:06.040912 #29592]  INFO -- : (0.000045s) BEGIN
I, [2018-01-03T21:41:06.041263 #29592]  INFO -- : (0.000135s) SELECT count(*) AS 'count' FROM `expenses` LIMIT 1
I, [2018-01-03T21:41:06.041451 #29592]  INFO -- : (0.000041s) ROLLBACK
I, [2018-01-03T21:41:06.041521 #29592]  INFO -- : Ending example: rejects the expense as invalid
I, [2018-01-03T21:41:06.042081 #29592]  INFO -- : Starting example: returns empty array on not matching date
I, [2018-01-03T21:41:06.042372 #29592]  INFO -- : (0.000064s) BEGIN
I, [2018-01-03T21:41:06.042982 #29592]  INFO -- : (0.000174s) SELECT * FROM `expenses` WHERE (`date` = '2017-06-10')
I, [2018-01-03T21:41:06.043228 #29592]  INFO -- : (0.000050s) ROLLBACK
I, [2018-01-03T21:41:06.043308 #29592]  INFO -- : Ending example: returns empty array on not matching date
I, [2018-01-03T21:41:06.043617 #29592]  INFO -- : Starting example: returns all expenses for given date
I, [2018-01-03T21:41:06.043761 #29592]  INFO -- : (0.000044s) BEGIN
I, [2018-01-03T21:41:06.044484 #29592]  INFO -- : (0.000362s) INSERT INTO `expenses` (`payee`, `amount`, `date`) VALUES ('Starbucks', 5.75, '2017-06-10')
I, [2018-01-03T21:41:06.045766 #29592]  INFO -- : (0.000518s) SELECT max(`id`) AS 'max' FROM `expenses` LIMIT 1
I, [2018-01-03T21:41:06.046075 #29592]  INFO -- : (0.000068s) INSERT INTO `expenses` (`payee`, `amount`, `date`) VALUES ('Starbucks', 5.75, '2017-06-10')
I, [2018-01-03T21:41:06.046361 #29592]  INFO -- : (0.000072s) SELECT max(`id`) AS 'max' FROM `expenses` LIMIT 1
I, [2018-01-03T21:41:06.046487 #29592]  INFO -- : (0.000036s) INSERT INTO `expenses` (`payee`, `amount`, `date`) VALUES ('Starbucks', 5.75, '2017-06-10')
I, [2018-01-03T21:41:06.046580 #29592]  INFO -- : (0.000046s) SELECT max(`id`) AS 'max' FROM `expenses` LIMIT 1
I, [2018-01-03T21:41:06.046870 #29592]  INFO -- : (0.000145s) SELECT * FROM `expenses` WHERE (`date` = '2017-06-10')
I, [2018-01-03T21:41:06.049348 #29592]  INFO -- : (0.000368s) ROLLBACK
I, [2018-01-03T21:41:06.049429 #29592]  INFO -- : Ending example: returns all expenses for given date
I, [2018-01-03T21:41:06.129189 #29592]  INFO -- : Starting example: records expenses
I, [2018-01-03T21:41:06.129414 #29592]  INFO -- : (0.000075s) BEGIN
I, [2018-01-03T21:41:06.131494 #29592]  INFO -- : (0.000584s) INSERT INTO `expenses` (`payee`, `amount`, `date`) VALUES ('Starbucks', 5.75, '2017-06-10')
I, [2018-01-03T21:41:06.131790 #29592]  INFO -- : (0.000143s) SELECT max(`id`) AS 'max' FROM `expenses` LIMIT 1
I, [2018-01-03T21:41:06.139440 #29592]  INFO -- : (0.000253s) INSERT INTO `expenses` (`payee`, `amount`, `date`) VALUES ('zoo', 15.75, '2017-06-10')
I, [2018-01-03T21:41:06.139938 #29592]  INFO -- : (0.000241s) SELECT max(`id`) AS 'max' FROM `expenses` LIMIT 1
I, [2018-01-03T21:41:06.141007 #29592]  INFO -- : (0.000064s) INSERT INTO `expenses` (`payee`, `amount`, `date`) VALUES ('whole foods', 95.75, '2017-06-11')
I, [2018-01-03T21:41:06.141196 #29592]  INFO -- : (0.000079s) SELECT max(`id`) AS 'max' FROM `expenses` LIMIT 1
I, [2018-01-03T21:41:06.142721 #29592]  INFO -- : (0.000343s) SELECT * FROM `expenses` WHERE (`date` = '2017-06-10')
I, [2018-01-03T21:41:06.144990 #29592]  INFO -- : (0.000430s) ROLLBACK
I, [2018-01-03T21:41:06.145103 #29592]  INFO -- : Ending example: records expenses
